<?xml version="1.0" encoding="utf-8" standalone="no"?>
<!--This file represents the results of running a test suite-->
<test-results name="D:\Projekte\CSharp\Git\Assandblies\NUnit\Sand.Controls.Tests.nunit" total="1" errors="0" failures="0" not-run="0" inconclusive="0" ignored="0" skipped="0" invalid="0" date="2014-01-25" time="21:48:40">
  <environment nunit-version="2.6.3.13283" clr-version="2.0.50727.5472" os-version="Microsoft Windows NT 6.1.7601 Service Pack 1" platform="Win32NT" cwd="C:\Program Files (x86)\NUnit 2.6.3\bin" machine-name="SANDMANN-ASUS" user="Sandmann" user-domain="Sandmann-Asus" />
  <culture-info current-culture="de-DE" current-uiculture="de-DE" />
  <test-suite type="Project" name="D:\Projekte\CSharp\Git\Assandblies\NUnit\Sand.Controls.Tests.nunit" executed="True" result="Success" success="True" time="0.128" asserts="0">
    <results>
      <test-suite type="Assembly" name="D:\Projekte\CSharp\Git\Assandblies\NUnit\..\Sand.Controls.Tests\bin\Debug\Sand.Controls.Tests.dll" executed="True" result="Success" success="True" time="0.090" asserts="0">
        <results>
          <test-suite type="Namespace" name="Sand" executed="True" result="Success" success="True" time="0.089" asserts="0">
            <results>
              <test-suite type="Namespace" name="Controls" executed="True" result="Success" success="True" time="0.089" asserts="0">
                <results>
                  <test-suite type="Namespace" name="Tests" executed="True" result="Success" success="True" time="0.089" asserts="0">
                    <results>
                      <test-suite type="TestFixture" name="SandPanelWidgetPositionerTests" executed="True" result="Success" success="True" time="0.085" asserts="0">
                        <results>
                          <test-case name="Sand.Controls.Tests.SandPanelWidgetPositionerTests.ValidateWidgetMovement_ArgumentsNullTest" executed="True" result="Success" success="True" time="0.064" asserts="0" />
                        </results>
                      </test-suite>
                    </results>
                  </test-suite>
                </results>
              </test-suite>
            </results>
          </test-suite>
        </results>
      </test-suite>
    </results>
  </test-suite>
</test-results>